{"C:\\Development\\SWE Masters Projects\\sweng 861- Software Construction\\final\\jam_session\\jam-session\\src\\endpoints.js": {"path":"C:\\Development\\SWE Masters Projects\\sweng 861- Software Construction\\final\\jam_session\\jam-session\\src\\endpoints.js","statementMap":{"0":{"start":{"line":1,"column":31},"end":{"line":1,"column":60}},"1":{"start":{"line":2,"column":26},"end":{"line":2,"column":47}}},"fnMap":{},"branchMap":{},"s":{"0":2,"1":2},"f":{},"b":{},"_coverageSchema":"1a1c01bbd47fc00a2c39e90264f33305004495a9","hash":"0016a8187be68314e6c804524443f5d9c079c200"}
,"C:\\Development\\SWE Masters Projects\\sweng 861- Software Construction\\final\\jam_session\\jam-session\\src\\___tests___\\dataMocks.js": {"path":"C:\\Development\\SWE Masters Projects\\sweng 861- Software Construction\\final\\jam_session\\jam-session\\src\\___tests___\\dataMocks.js","statementMap":{"0":{"start":{"line":2,"column":15},"end":{"line":85,"column":3}},"1":{"start":{"line":88,"column":17},"end":{"line":171,"column":3}},"2":{"start":{"line":173,"column":17},"end":{"line":256,"column":3}},"3":{"start":{"line":257,"column":18},"end":{"line":298,"column":1}},"4":{"start":{"line":300,"column":16},"end":{"line":335,"column":1}},"5":{"start":{"line":336,"column":16},"end":{"line":377,"column":1}},"6":{"start":{"line":379,"column":31},"end":{"line":382,"column":3}},"7":{"start":{"line":385,"column":27},"end":{"line":389,"column":1}},"8":{"start":{"line":391,"column":28},"end":{"line":395,"column":1}},"9":{"start":{"line":397,"column":22},"end":{"line":403,"column":1}},"10":{"start":{"line":405,"column":22},"end":{"line":411,"column":1}},"11":{"start":{"line":413,"column":37},"end":{"line":424,"column":1}},"12":{"start":{"line":414,"column":21},"end":{"line":414,"column":24}},"13":{"start":{"line":415,"column":4},"end":{"line":419,"column":5}},"14":{"start":{"line":416,"column":8},"end":{"line":416,"column":27}},"15":{"start":{"line":417,"column":9},"end":{"line":417,"column":61}},"16":{"start":{"line":418,"column":9},"end":{"line":418,"column":24}},"17":{"start":{"line":420,"column":4},"end":{"line":420,"column":22}},"18":{"start":{"line":421,"column":4},"end":{"line":421,"column":58}},"19":{"start":{"line":421,"column":22},"end":{"line":421,"column":58}},"20":{"start":{"line":422,"column":4},"end":{"line":422,"column":60}},"21":{"start":{"line":422,"column":23},"end":{"line":422,"column":60}},"22":{"start":{"line":423,"column":4},"end":{"line":423,"column":19}}},"fnMap":{"0":{"name":"(anonymous_0)","decl":{"start":{"line":413,"column":37},"end":{"line":413,"column":38}},"loc":{"start":{"line":413,"column":87},"end":{"line":424,"column":1}},"line":413}},"branchMap":{"0":{"loc":{"start":{"line":413,"column":69},"end":{"line":413,"column":82}},"type":"default-arg","locations":[{"start":{"line":413,"column":77},"end":{"line":413,"column":82}}],"line":413},"1":{"loc":{"start":{"line":415,"column":4},"end":{"line":419,"column":5}},"type":"if","locations":[{"start":{"line":415,"column":4},"end":{"line":419,"column":5}},{"start":{},"end":{}}],"line":415},"2":{"loc":{"start":{"line":421,"column":4},"end":{"line":421,"column":58}},"type":"if","locations":[{"start":{"line":421,"column":4},"end":{"line":421,"column":58}},{"start":{},"end":{}}],"line":421},"3":{"loc":{"start":{"line":422,"column":4},"end":{"line":422,"column":60}},"type":"if","locations":[{"start":{"line":422,"column":4},"end":{"line":422,"column":60}},{"start":{},"end":{}}],"line":422}},"s":{"0":2,"1":2,"2":2,"3":2,"4":2,"5":2,"6":2,"7":2,"8":2,"9":2,"10":2,"11":2,"12":7,"13":7,"14":2,"15":2,"16":2,"17":5,"18":5,"19":3,"20":5,"21":4,"22":5},"f":{"0":7},"b":{"0":[5],"1":[2,5],"2":[3,2],"3":[4,1]},"_coverageSchema":"1a1c01bbd47fc00a2c39e90264f33305004495a9","hash":"f7f82fa46cd28c44a2c70956bed08a1ad893755f"}
,"C:\\Development\\SWE Masters Projects\\sweng 861- Software Construction\\final\\jam_session\\jam-session\\src\\components\\search\\SearchDisplay.jsx": {"path":"C:\\Development\\SWE Masters Projects\\sweng 861- Software Construction\\final\\jam_session\\jam-session\\src\\components\\search\\SearchDisplay.jsx","statementMap":{"0":{"start":{"line":7,"column":22},"end":{"line":37,"column":1}},"1":{"start":{"line":8,"column":39},"end":{"line":8,"column":54}},"2":{"start":{"line":9,"column":2},"end":{"line":9,"column":33}},"3":{"start":{"line":9,"column":19},"end":{"line":9,"column":33}},"4":{"start":{"line":13,"column":2},"end":{"line":16,"column":6}},"5":{"start":{"line":14,"column":4},"end":{"line":16,"column":6}},"6":{"start":{"line":15,"column":6},"end":{"line":15,"column":46}},"7":{"start":{"line":18,"column":2},"end":{"line":21,"column":6}},"8":{"start":{"line":19,"column":4},"end":{"line":21,"column":6}},"9":{"start":{"line":20,"column":6},"end":{"line":20,"column":48}},"10":{"start":{"line":23,"column":2},"end":{"line":36,"column":3}}},"fnMap":{"0":{"name":"(anonymous_0)","decl":{"start":{"line":7,"column":22},"end":{"line":7,"column":23}},"loc":{"start":{"line":7,"column":28},"end":{"line":37,"column":1}},"line":7},"1":{"name":"(anonymous_1)","decl":{"start":{"line":14,"column":46},"end":{"line":14,"column":47}},"loc":{"start":{"line":15,"column":6},"end":{"line":15,"column":46}},"line":15},"2":{"name":"(anonymous_2)","decl":{"start":{"line":19,"column":48},"end":{"line":19,"column":49}},"loc":{"start":{"line":20,"column":6},"end":{"line":20,"column":48}},"line":20}},"branchMap":{"0":{"loc":{"start":{"line":9,"column":2},"end":{"line":9,"column":33}},"type":"if","locations":[{"start":{"line":9,"column":2},"end":{"line":9,"column":33}},{"start":{},"end":{}}],"line":9},"1":{"loc":{"start":{"line":13,"column":2},"end":{"line":16,"column":6}},"type":"if","locations":[{"start":{"line":13,"column":2},"end":{"line":16,"column":6}},{"start":{},"end":{}}],"line":13},"2":{"loc":{"start":{"line":18,"column":2},"end":{"line":21,"column":6}},"type":"if","locations":[{"start":{"line":18,"column":2},"end":{"line":21,"column":6}},{"start":{},"end":{}}],"line":18},"3":{"loc":{"start":{"line":26,"column":28},"end":{"line":26,"column":68}},"type":"binary-expr","locations":[{"start":{"line":26,"column":28},"end":{"line":26,"column":46}},{"start":{"line":26,"column":50},"end":{"line":26,"column":68}}],"line":26},"4":{"loc":{"start":{"line":29,"column":7},"end":{"line":33,"column":7}},"type":"binary-expr","locations":[{"start":{"line":29,"column":7},"end":{"line":29,"column":18}},{"start":{"line":30,"column":8},"end":{"line":32,"column":14}}],"line":29}},"s":{"0":1,"1":28,"2":28,"3":19,"4":9,"5":5,"6":4,"7":9,"8":6,"9":4,"10":9},"f":{"0":28,"1":4,"2":4},"b":{"0":[19,9],"1":[5,4],"2":[6,3],"3":[9,0],"4":[9,6]},"_coverageSchema":"1a1c01bbd47fc00a2c39e90264f33305004495a9","hash":"6634210c20a5baaf35238c6632fe70d827b87249"}
,"C:\\Development\\SWE Masters Projects\\sweng 861- Software Construction\\final\\jam_session\\jam-session\\src\\components\\search\\result-items\\ArtistItem.jsx": {"path":"C:\\Development\\SWE Masters Projects\\sweng 861- Software Construction\\final\\jam_session\\jam-session\\src\\components\\search\\result-items\\ArtistItem.jsx","statementMap":{"0":{"start":{"line":4,"column":19},"end":{"line":26,"column":1}},"1":{"start":{"line":5,"column":27},"end":{"line":5,"column":42}},"2":{"start":{"line":7,"column":2},"end":{"line":25,"column":3}},"3":{"start":{"line":10,"column":21},"end":{"line":10,"column":56}}},"fnMap":{"0":{"name":"(anonymous_0)","decl":{"start":{"line":4,"column":19},"end":{"line":4,"column":20}},"loc":{"start":{"line":4,"column":35},"end":{"line":26,"column":1}},"line":4},"1":{"name":"(anonymous_1)","decl":{"start":{"line":10,"column":15},"end":{"line":10,"column":16}},"loc":{"start":{"line":10,"column":21},"end":{"line":10,"column":56}},"line":10}},"branchMap":{},"s":{"0":1,"1":4,"2":4,"3":0},"f":{"0":4,"1":0},"b":{},"_coverageSchema":"1a1c01bbd47fc00a2c39e90264f33305004495a9","hash":"a62c0aa5571941dc3f78b45621f24f0726bf7d82"}
,"C:\\Development\\SWE Masters Projects\\sweng 861- Software Construction\\final\\jam_session\\jam-session\\src\\components\\search\\result-items\\TrackItem.jsx": {"path":"C:\\Development\\SWE Masters Projects\\sweng 861- Software Construction\\final\\jam_session\\jam-session\\src\\components\\search\\result-items\\TrackItem.jsx","statementMap":{"0":{"start":{"line":4,"column":18},"end":{"line":45,"column":1}},"1":{"start":{"line":5,"column":26},"end":{"line":5,"column":39}},"2":{"start":{"line":7,"column":2},"end":{"line":44,"column":3}},"3":{"start":{"line":25,"column":29},"end":{"line":25,"column":47}}},"fnMap":{"0":{"name":"(anonymous_0)","decl":{"start":{"line":4,"column":18},"end":{"line":4,"column":19}},"loc":{"start":{"line":4,"column":33},"end":{"line":45,"column":1}},"line":4},"1":{"name":"(anonymous_1)","decl":{"start":{"line":25,"column":23},"end":{"line":25,"column":24}},"loc":{"start":{"line":25,"column":29},"end":{"line":25,"column":47}},"line":25}},"branchMap":{"0":{"loc":{"start":{"line":31,"column":11},"end":{"line":40,"column":11}},"type":"binary-expr","locations":[{"start":{"line":31,"column":11},"end":{"line":31,"column":25}},{"start":{"line":31,"column":29},"end":{"line":31,"column":46}},{"start":{"line":32,"column":12},"end":{"line":39,"column":18}}],"line":31}},"s":{"0":1,"1":4,"2":4,"3":0},"f":{"0":4,"1":0},"b":{"0":[4,4,4]},"_coverageSchema":"1a1c01bbd47fc00a2c39e90264f33305004495a9","hash":"62836de84dd3ec86d31dee9721decc752fa51418"}
,"C:\\Development\\SWE Masters Projects\\sweng 861- Software Construction\\final\\jam_session\\jam-session\\src\\hooks\\useNotification.jsx": {"path":"C:\\Development\\SWE Masters Projects\\sweng 861- Software Construction\\final\\jam_session\\jam-session\\src\\hooks\\useNotification.jsx","statementMap":{"0":{"start":{"line":3,"column":28},"end":{"line":3,"column":49}},"1":{"start":{"line":6,"column":36},"end":{"line":59,"column":1}},"2":{"start":{"line":7,"column":32},"end":{"line":7,"column":46}},"3":{"start":{"line":8,"column":30},"end":{"line":8,"column":46}},"4":{"start":{"line":9,"column":50},"end":{"line":9,"column":65}},"5":{"start":{"line":12,"column":26},"end":{"line":20,"column":3}},"6":{"start":{"line":13,"column":4},"end":{"line":13,"column":23}},"7":{"start":{"line":14,"column":4},"end":{"line":14,"column":21}},"8":{"start":{"line":15,"column":4},"end":{"line":15,"column":29}},"9":{"start":{"line":17,"column":4},"end":{"line":19,"column":12}},"10":{"start":{"line":18,"column":6},"end":{"line":18,"column":32}},"11":{"start":{"line":23,"column":23},"end":{"line":45,"column":3}},"12":{"start":{"line":24,"column":20},"end":{"line":24,"column":102}},"13":{"start":{"line":25,"column":4},"end":{"line":44,"column":5}},"14":{"start":{"line":47,"column":2},"end":{"line":58,"column":3}},"15":{"start":{"line":61,"column":31},"end":{"line":65,"column":1}},"16":{"start":{"line":63,"column":4},"end":{"line":63,"column":35}},"17":{"start":{"line":64,"column":2},"end":{"line":64,"column":59}}},"fnMap":{"0":{"name":"(anonymous_0)","decl":{"start":{"line":6,"column":36},"end":{"line":6,"column":37}},"loc":{"start":{"line":6,"column":54},"end":{"line":59,"column":1}},"line":6},"1":{"name":"(anonymous_1)","decl":{"start":{"line":12,"column":26},"end":{"line":12,"column":27}},"loc":{"start":{"line":12,"column":47},"end":{"line":20,"column":3}},"line":12},"2":{"name":"(anonymous_2)","decl":{"start":{"line":17,"column":15},"end":{"line":17,"column":16}},"loc":{"start":{"line":17,"column":21},"end":{"line":19,"column":5}},"line":17},"3":{"name":"(anonymous_3)","decl":{"start":{"line":23,"column":23},"end":{"line":23,"column":24}},"loc":{"start":{"line":23,"column":29},"end":{"line":45,"column":3}},"line":23},"4":{"name":"(anonymous_4)","decl":{"start":{"line":61,"column":31},"end":{"line":61,"column":32}},"loc":{"start":{"line":61,"column":37},"end":{"line":65,"column":1}},"line":61}},"branchMap":{"0":{"loc":{"start":{"line":25,"column":11},"end":{"line":44,"column":5}},"type":"cond-expr","locations":[{"start":{"line":26,"column":6},"end":{"line":41,"column":12}},{"start":{"line":43,"column":6},"end":{"line":43,"column":8}}],"line":25}},"s":{"0":2,"1":2,"2":24,"3":24,"4":24,"5":24,"6":7,"7":7,"8":7,"9":7,"10":0,"11":24,"12":0,"13":0,"14":24,"15":2,"16":49,"17":49},"f":{"0":24,"1":7,"2":0,"3":0,"4":49},"b":{"0":[0,0]},"_coverageSchema":"1a1c01bbd47fc00a2c39e90264f33305004495a9","hash":"c282f19a68b5d204b59dfeeff9990a6b192dd17c"}
,"C:\\Development\\SWE Masters Projects\\sweng 861- Software Construction\\final\\jam_session\\jam-session\\src\\hooks\\usePlaylist.jsx": {"path":"C:\\Development\\SWE Masters Projects\\sweng 861- Software Construction\\final\\jam_session\\jam-session\\src\\hooks\\usePlaylist.jsx","statementMap":{"0":{"start":{"line":4,"column":31},"end":{"line":4,"column":52}},"1":{"start":{"line":5,"column":21},"end":{"line":5,"column":34}},"2":{"start":{"line":8,"column":32},"end":{"line":72,"column":1}},"3":{"start":{"line":9,"column":34},"end":{"line":9,"column":46}},"4":{"start":{"line":12,"column":30},"end":{"line":15,"column":3}},"5":{"start":{"line":13,"column":4},"end":{"line":13,"column":41}},"6":{"start":{"line":14,"column":4},"end":{"line":14,"column":19}},"7":{"start":{"line":18,"column":27},"end":{"line":20,"column":3}},"8":{"start":{"line":19,"column":4},"end":{"line":19,"column":71}},"9":{"start":{"line":23,"column":27},"end":{"line":30,"column":3}},"10":{"start":{"line":24,"column":31},"end":{"line":24,"column":65}},"11":{"start":{"line":25,"column":4},"end":{"line":25,"column":40}},"12":{"start":{"line":25,"column":29},"end":{"line":25,"column":40}},"13":{"start":{"line":27,"column":28},"end":{"line":27,"column":58}},"14":{"start":{"line":29,"column":4},"end":{"line":29,"column":26}},"15":{"start":{"line":33,"column":22},"end":{"line":42,"column":3}},"16":{"start":{"line":34,"column":23},"end":{"line":34,"column":31}},"17":{"start":{"line":35,"column":21},"end":{"line":35,"column":57}},"18":{"start":{"line":37,"column":4},"end":{"line":41,"column":6}},"19":{"start":{"line":38,"column":26},"end":{"line":38,"column":50}},"20":{"start":{"line":39,"column":6},"end":{"line":39,"column":35}},"21":{"start":{"line":40,"column":6},"end":{"line":40,"column":24}},"22":{"start":{"line":45,"column":22},"end":{"line":51,"column":3}},"23":{"start":{"line":46,"column":24},"end":{"line":48,"column":5}},"24":{"start":{"line":47,"column":17},"end":{"line":47,"column":48}},"25":{"start":{"line":49,"column":4},"end":{"line":49,"column":33}},"26":{"start":{"line":50,"column":4},"end":{"line":50,"column":28}},"27":{"start":{"line":54,"column":2},"end":{"line":57,"column":8}},"28":{"start":{"line":55,"column":33},"end":{"line":55,"column":51}},"29":{"start":{"line":56,"column":4},"end":{"line":56,"column":75}},"30":{"start":{"line":56,"column":42},"end":{"line":56,"column":75}},"31":{"start":{"line":59,"column":2},"end":{"line":71,"column":3}},"32":{"start":{"line":74,"column":27},"end":{"line":89,"column":1}},"33":{"start":{"line":81,"column":6},"end":{"line":81,"column":33}},"34":{"start":{"line":82,"column":2},"end":{"line":88,"column":3}}},"fnMap":{"0":{"name":"(anonymous_0)","decl":{"start":{"line":8,"column":32},"end":{"line":8,"column":33}},"loc":{"start":{"line":8,"column":50},"end":{"line":72,"column":1}},"line":8},"1":{"name":"(anonymous_1)","decl":{"start":{"line":12,"column":30},"end":{"line":12,"column":31}},"loc":{"start":{"line":12,"column":36},"end":{"line":15,"column":3}},"line":12},"2":{"name":"(anonymous_2)","decl":{"start":{"line":18,"column":27},"end":{"line":18,"column":28}},"loc":{"start":{"line":18,"column":48},"end":{"line":20,"column":3}},"line":18},"3":{"name":"(anonymous_3)","decl":{"start":{"line":23,"column":27},"end":{"line":23,"column":28}},"loc":{"start":{"line":23,"column":33},"end":{"line":30,"column":3}},"line":23},"4":{"name":"(anonymous_4)","decl":{"start":{"line":33,"column":22},"end":{"line":33,"column":23}},"loc":{"start":{"line":33,"column":33},"end":{"line":42,"column":3}},"line":33},"5":{"name":"(anonymous_5)","decl":{"start":{"line":37,"column":16},"end":{"line":37,"column":17}},"loc":{"start":{"line":37,"column":31},"end":{"line":41,"column":5}},"line":37},"6":{"name":"(anonymous_6)","decl":{"start":{"line":45,"column":22},"end":{"line":45,"column":23}},"loc":{"start":{"line":45,"column":38},"end":{"line":51,"column":3}},"line":45},"7":{"name":"(anonymous_7)","decl":{"start":{"line":47,"column":6},"end":{"line":47,"column":7}},"loc":{"start":{"line":47,"column":17},"end":{"line":47,"column":48}},"line":47},"8":{"name":"(anonymous_8)","decl":{"start":{"line":54,"column":12},"end":{"line":54,"column":13}},"loc":{"start":{"line":54,"column":18},"end":{"line":57,"column":3}},"line":54},"9":{"name":"(anonymous_9)","decl":{"start":{"line":74,"column":27},"end":{"line":74,"column":28}},"loc":{"start":{"line":74,"column":33},"end":{"line":89,"column":1}},"line":74}},"branchMap":{"0":{"loc":{"start":{"line":25,"column":4},"end":{"line":25,"column":40}},"type":"if","locations":[{"start":{"line":25,"column":4},"end":{"line":25,"column":40}},{"start":{},"end":{}}],"line":25},"1":{"loc":{"start":{"line":56,"column":4},"end":{"line":56,"column":75}},"type":"if","locations":[{"start":{"line":56,"column":4},"end":{"line":56,"column":75}},{"start":{},"end":{}}],"line":56}},"s":{"0":2,"1":2,"2":2,"3":59,"4":55,"5":0,"6":0,"7":55,"8":10,"9":55,"10":21,"11":21,"12":11,"13":10,"14":10,"15":55,"16":22,"17":22,"18":22,"19":9,"20":5,"21":5,"22":55,"23":5,"24":12,"25":5,"26":5,"27":55,"28":21,"29":21,"30":10,"31":55,"32":2,"33":49,"34":49},"f":{"0":59,"1":0,"2":10,"3":21,"4":22,"5":9,"6":5,"7":12,"8":21,"9":49},"b":{"0":[11,10],"1":[10,11]},"_coverageSchema":"1a1c01bbd47fc00a2c39e90264f33305004495a9","hash":"460982907da6a60178dcbbe99163339ee7e6d86a"}
,"C:\\Development\\SWE Masters Projects\\sweng 861- Software Construction\\final\\jam_session\\jam-session\\src\\hooks\\useSearchData.jsx": {"path":"C:\\Development\\SWE Masters Projects\\sweng 861- Software Construction\\final\\jam_session\\jam-session\\src\\hooks\\useSearchData.jsx","statementMap":{"0":{"start":{"line":6,"column":26},"end":{"line":6,"column":47}},"1":{"start":{"line":9,"column":34},"end":{"line":63,"column":1}},"2":{"start":{"line":10,"column":38},"end":{"line":10,"column":52}},"3":{"start":{"line":11,"column":42},"end":{"line":11,"column":56}},"4":{"start":{"line":13,"column":26},"end":{"line":13,"column":42}},"5":{"start":{"line":14,"column":30},"end":{"line":14,"column":47}},"6":{"start":{"line":17,"column":23},"end":{"line":48,"column":3}},"7":{"start":{"line":18,"column":20},"end":{"line":23,"column":5}},"8":{"start":{"line":25,"column":4},"end":{"line":47,"column":5}},"9":{"start":{"line":26,"column":18},"end":{"line":29,"column":7}},"10":{"start":{"line":31,"column":6},"end":{"line":33,"column":7}},"11":{"start":{"line":32,"column":8},"end":{"line":32,"column":79}},"12":{"start":{"line":35,"column":6},"end":{"line":37,"column":7}},"13":{"start":{"line":36,"column":8},"end":{"line":36,"column":48}},"14":{"start":{"line":39,"column":21},"end":{"line":39,"column":37}},"15":{"start":{"line":40,"column":6},"end":{"line":40,"column":33}},"16":{"start":{"line":41,"column":6},"end":{"line":41,"column":47}},"17":{"start":{"line":43,"column":6},"end":{"line":46,"column":7}},"18":{"start":{"line":50,"column":2},"end":{"line":62,"column":3}},"19":{"start":{"line":65,"column":29},"end":{"line":80,"column":1}},"20":{"start":{"line":72,"column":6},"end":{"line":72,"column":35}},"21":{"start":{"line":73,"column":2},"end":{"line":79,"column":3}}},"fnMap":{"0":{"name":"(anonymous_0)","decl":{"start":{"line":9,"column":34},"end":{"line":9,"column":35}},"loc":{"start":{"line":9,"column":52},"end":{"line":63,"column":1}},"line":9},"1":{"name":"(anonymous_1)","decl":{"start":{"line":17,"column":23},"end":{"line":17,"column":24}},"loc":{"start":{"line":17,"column":46},"end":{"line":48,"column":3}},"line":17},"2":{"name":"(anonymous_2)","decl":{"start":{"line":65,"column":29},"end":{"line":65,"column":30}},"loc":{"start":{"line":65,"column":35},"end":{"line":80,"column":1}},"line":65}},"branchMap":{"0":{"loc":{"start":{"line":27,"column":35},"end":{"line":27,"column":62}},"type":"cond-expr","locations":[{"start":{"line":27,"column":42},"end":{"line":27,"column":57}},{"start":{"line":27,"column":60},"end":{"line":27,"column":62}}],"line":27},"1":{"loc":{"start":{"line":31,"column":6},"end":{"line":33,"column":7}},"type":"if","locations":[{"start":{"line":31,"column":6},"end":{"line":33,"column":7}},{"start":{},"end":{}}],"line":31},"2":{"loc":{"start":{"line":35,"column":6},"end":{"line":37,"column":7}},"type":"if","locations":[{"start":{"line":35,"column":6},"end":{"line":37,"column":7}},{"start":{},"end":{}}],"line":35}},"s":{"0":2,"1":2,"2":49,"3":49,"4":49,"5":49,"6":49,"7":7,"8":7,"9":7,"10":7,"11":7,"12":7,"13":0,"14":7,"15":7,"16":7,"17":0,"18":49,"19":2,"20":81,"21":81},"f":{"0":49,"1":7,"2":81},"b":{"0":[6,1],"1":[7,0],"2":[0,7]},"_coverageSchema":"1a1c01bbd47fc00a2c39e90264f33305004495a9","hash":"883b18a861168a25bc74c63bdad85ad2befae6ab"}
,"C:\\Development\\SWE Masters Projects\\sweng 861- Software Construction\\final\\jam_session\\jam-session\\src\\hooks\\useSpotifyAuth.jsx": {"path":"C:\\Development\\SWE Masters Projects\\sweng 861- Software Construction\\final\\jam_session\\jam-session\\src\\hooks\\useSpotifyAuth.jsx","statementMap":{"0":{"start":{"line":3,"column":27},"end":{"line":3,"column":48}},"1":{"start":{"line":6,"column":35},"end":{"line":14,"column":1}},"2":{"start":{"line":7,"column":40},"end":{"line":7,"column":52}},"3":{"start":{"line":9,"column":2},"end":{"line":13,"column":3}},"4":{"start":{"line":16,"column":30},"end":{"line":19,"column":1}},"5":{"start":{"line":17,"column":42},"end":{"line":17,"column":72}},"6":{"start":{"line":18,"column":2},"end":{"line":18,"column":40}}},"fnMap":{"0":{"name":"(anonymous_0)","decl":{"start":{"line":6,"column":35},"end":{"line":6,"column":36}},"loc":{"start":{"line":6,"column":53},"end":{"line":14,"column":1}},"line":6},"1":{"name":"(anonymous_1)","decl":{"start":{"line":16,"column":30},"end":{"line":16,"column":31}},"loc":{"start":{"line":16,"column":36},"end":{"line":19,"column":1}},"line":16}},"branchMap":{},"s":{"0":2,"1":2,"2":17,"3":17,"4":2,"5":49,"6":49},"f":{"0":17,"1":49},"b":{},"_coverageSchema":"1a1c01bbd47fc00a2c39e90264f33305004495a9","hash":"5a4e2fab6b8a3c116c8350e5df885fe4b1bf51e7"}
}
