TN:
SF:src\endpoints.js
FNF:0
FNH:0
DA:1,2
DA:2,2
LF:2
LH:2
BRF:0
BRH:0
end_of_record
TN:
SF:src\___tests___\dataMocks.js
FN:413,(anonymous_0)
FNF:1
FNH:1
FNDA:7,(anonymous_0)
DA:2,2
DA:88,2
DA:173,2
DA:257,2
DA:300,2
DA:336,2
DA:379,2
DA:385,2
DA:391,2
DA:397,2
DA:405,2
DA:413,2
DA:414,7
DA:415,7
DA:416,2
DA:417,2
DA:418,2
DA:420,5
DA:421,5
DA:422,5
DA:423,5
LF:21
LH:21
BRDA:413,0,0,5
BRDA:415,1,0,2
BRDA:415,1,1,5
BRDA:421,2,0,3
BRDA:421,2,1,2
BRDA:422,3,0,4
BRDA:422,3,1,1
BRF:7
BRH:7
end_of_record
TN:
SF:src\components\search\SearchDisplay.jsx
FN:7,(anonymous_0)
FN:14,(anonymous_1)
FN:19,(anonymous_2)
FNF:3
FNH:3
FNDA:28,(anonymous_0)
FNDA:4,(anonymous_1)
FNDA:4,(anonymous_2)
DA:7,1
DA:8,28
DA:9,28
DA:13,9
DA:14,5
DA:15,4
DA:18,9
DA:19,6
DA:20,4
DA:23,9
LF:10
LH:10
BRDA:9,0,0,19
BRDA:9,0,1,9
BRDA:13,1,0,5
BRDA:13,1,1,4
BRDA:18,2,0,6
BRDA:18,2,1,3
BRDA:26,3,0,9
BRDA:26,3,1,0
BRDA:29,4,0,9
BRDA:29,4,1,6
BRF:10
BRH:9
end_of_record
TN:
SF:src\components\search\result-items\ArtistItem.jsx
FN:4,(anonymous_0)
FN:10,(anonymous_1)
FNF:2
FNH:1
FNDA:4,(anonymous_0)
FNDA:0,(anonymous_1)
DA:4,1
DA:5,4
DA:7,4
DA:10,0
LF:4
LH:3
BRF:0
BRH:0
end_of_record
TN:
SF:src\components\search\result-items\TrackItem.jsx
FN:4,(anonymous_0)
FN:25,(anonymous_1)
FNF:2
FNH:1
FNDA:4,(anonymous_0)
FNDA:0,(anonymous_1)
DA:4,1
DA:5,4
DA:7,4
DA:25,0
LF:4
LH:3
BRDA:31,0,0,4
BRDA:31,0,1,4
BRDA:31,0,2,4
BRF:3
BRH:3
end_of_record
TN:
SF:src\hooks\useNotification.jsx
FN:6,(anonymous_0)
FN:12,(anonymous_1)
FN:17,(anonymous_2)
FN:23,(anonymous_3)
FN:61,(anonymous_4)
FNF:5
FNH:3
FNDA:24,(anonymous_0)
FNDA:7,(anonymous_1)
FNDA:0,(anonymous_2)
FNDA:0,(anonymous_3)
FNDA:49,(anonymous_4)
DA:3,2
DA:6,2
DA:7,24
DA:8,24
DA:9,24
DA:12,24
DA:13,7
DA:14,7
DA:15,7
DA:17,7
DA:18,0
DA:23,24
DA:24,0
DA:25,0
DA:47,24
DA:61,2
DA:63,49
DA:64,49
LF:18
LH:15
BRDA:25,0,0,0
BRDA:25,0,1,0
BRF:2
BRH:0
end_of_record
TN:
SF:src\hooks\usePlaylist.jsx
FN:8,(anonymous_0)
FN:12,(anonymous_1)
FN:18,(anonymous_2)
FN:23,(anonymous_3)
FN:33,(anonymous_4)
FN:37,(anonymous_5)
FN:45,(anonymous_6)
FN:47,(anonymous_7)
FN:54,(anonymous_8)
FN:74,(anonymous_9)
FNF:10
FNH:9
FNDA:59,(anonymous_0)
FNDA:0,(anonymous_1)
FNDA:10,(anonymous_2)
FNDA:21,(anonymous_3)
FNDA:22,(anonymous_4)
FNDA:9,(anonymous_5)
FNDA:5,(anonymous_6)
FNDA:12,(anonymous_7)
FNDA:21,(anonymous_8)
FNDA:49,(anonymous_9)
DA:4,2
DA:5,2
DA:8,2
DA:9,59
DA:12,55
DA:13,0
DA:14,0
DA:18,55
DA:19,10
DA:23,55
DA:24,21
DA:25,21
DA:27,10
DA:29,10
DA:33,55
DA:34,22
DA:35,22
DA:37,22
DA:38,9
DA:39,5
DA:40,5
DA:45,55
DA:46,5
DA:47,12
DA:49,5
DA:50,5
DA:54,55
DA:55,21
DA:56,21
DA:59,55
DA:74,2
DA:81,49
DA:82,49
LF:33
LH:31
BRDA:25,0,0,11
BRDA:25,0,1,10
BRDA:56,1,0,10
BRDA:56,1,1,11
BRF:4
BRH:4
end_of_record
TN:
SF:src\hooks\useSearchData.jsx
FN:9,(anonymous_0)
FN:17,(anonymous_1)
FN:65,(anonymous_2)
FNF:3
FNH:3
FNDA:49,(anonymous_0)
FNDA:7,(anonymous_1)
FNDA:81,(anonymous_2)
DA:6,2
DA:9,2
DA:10,49
DA:11,49
DA:13,49
DA:14,49
DA:17,49
DA:18,7
DA:25,7
DA:26,7
DA:31,7
DA:32,7
DA:35,7
DA:36,0
DA:39,7
DA:40,7
DA:41,7
DA:43,0
DA:50,49
DA:65,2
DA:72,81
DA:73,81
LF:22
LH:20
BRDA:27,0,0,6
BRDA:27,0,1,1
BRDA:31,1,0,7
BRDA:31,1,1,0
BRDA:35,2,0,0
BRDA:35,2,1,7
BRF:6
BRH:4
end_of_record
TN:
SF:src\hooks\useSpotifyAuth.jsx
FN:6,(anonymous_0)
FN:16,(anonymous_1)
FNF:2
FNH:2
FNDA:17,(anonymous_0)
FNDA:49,(anonymous_1)
DA:3,2
DA:6,2
DA:7,17
DA:9,17
DA:16,2
DA:17,49
DA:18,49
LF:7
LH:7
BRF:0
BRH:0
end_of_record
